Flow report for taximeter
Thu Dec 15 21:43:07 2016
Quartus II Version 9.0 Build 235 06/17/2009 Service Pack 2 SJ Web Edition


---------------------
; Table of Contents ;
---------------------
  1. Legal Notice
  2. Flow Summary
  3. Flow Settings
  4. Flow Non-Default Global Settings
  5. Flow Elapsed Time
  6. Flow OS Summary
  7. Flow Log



----------------
; Legal Notice ;
----------------
Copyright (C) 1991-2009 Altera Corporation
Your use of Altera Corporation's design tools, logic functions 
and other software and tools, and its AMPP partner logic 
functions, and any output files from any of the foregoing 
(including device programming or simulation files), and any 
associated documentation or information are expressly subject 
to the terms and conditions of the Altera Program License 
Subscription Agreement, Altera MegaCore Function License 
Agreement, or other applicable license agreement, including, 
without limitation, that your use is for the sole purpose of 
programming logic devices manufactured by Altera and sold by 
Altera or its authorized distributors.  Please refer to the 
applicable agreement for further details.



+------------------------------------------------------------------------+
; Flow Summary                                                           ;
+-------------------------+----------------------------------------------+
; Flow Status             ; Successful - Thu Dec 15 21:43:07 2016        ;
; Quartus II Version      ; 9.0 Build 235 06/17/2009 SP 2 SJ Web Edition ;
; Revision Name           ; taximeter                                    ;
; Top-level Entity Name   ; taximeter                                    ;
; Family                  ; ACEX1K                                       ;
; Device                  ; EP1K100QC208-3                               ;
; Timing Models           ; Final                                        ;
; Met timing requirements ; No                                           ;
; Total logic elements    ; 525 / 4,992 ( 11 % )                         ;
; Total pins              ; 72 / 147 ( 49 % )                            ;
; Total memory bits       ; 0 / 49,152 ( 0 % )                           ;
; Total PLLs              ; 0                                            ;
+-------------------------+----------------------------------------------+


+-----------------------------------------+
; Flow Settings                           ;
+-------------------+---------------------+
; Option            ; Setting             ;
+-------------------+---------------------+
; Start date & time ; 12/15/2016 21:42:48 ;
; Main task         ; Compilation         ;
; Revision Name     ; taximeter           ;
+-------------------+---------------------+


+----------------------------------------------------------------------------------------------------------------------------------------+
; Flow Non-Default Global Settings                                                                                                       ;
+--------------------------------------+--------------------------------------------------+---------------+-------------+----------------+
; Assignment Name                      ; Value                                            ; Default Value ; Entity Name ; Section Id     ;
+--------------------------------------+--------------------------------------------------+---------------+-------------+----------------+
; COMPILER_SIGNATURE_ID                ; 740613633117.148180576825388                     ; --            ; --          ; --             ;
; EDA_NATIVELINK_SIMULATION_TEST_BENCH ; tb_clk                                           ; --            ; --          ; eda_simulation ;
; EDA_OUTPUT_DATA_FORMAT               ; Vhdl                                             ; --            ; --          ; eda_simulation ;
; EDA_SIMULATION_TOOL                  ; ModelSim-Altera (VHDL)                           ; <None>        ; --          ; --             ;
; EDA_TEST_BENCH_ENABLE_STATUS         ; TEST_BENCH_MODE                                  ; --            ; --          ; eda_simulation ;
; MAX_CORE_JUNCTION_TEMP               ; 85                                               ; --            ; --          ; --             ;
; MIN_CORE_JUNCTION_TEMP               ; 0                                                ; --            ; --          ; --             ;
; MISC_FILE                            ; C:/Users/com-603/Desktop/taximeter/taximeter.dpf ; --            ; --          ; --             ;
; MISC_FILE                            ; C:/Users/tjqh55/Desktop/taximeter/taximeter.dpf  ; --            ; --          ; --             ;
; USE_GENERATED_PHYSICAL_CONSTRAINTS   ; Off                                              ; --            ; --          ; eda_blast_fpga ;
+--------------------------------------+--------------------------------------------------+---------------+-------------+----------------+


+-----------------------------------------------------------------------------------------------------------------------------+
; Flow Elapsed Time                                                                                                           ;
+-------------------------+--------------+-------------------------+---------------------+------------------------------------+
; Module Name             ; Elapsed Time ; Average Processors Used ; Peak Virtual Memory ; Total CPU Time (on all processors) ;
+-------------------------+--------------+-------------------------+---------------------+------------------------------------+
; Analysis & Synthesis    ; 00:00:03     ; 1.0                     ; 217 MB              ; 00:00:03                           ;
; Fitter                  ; 00:00:09     ; 1.0                     ; 211 MB              ; 00:00:06                           ;
; Assembler               ; 00:00:01     ; 1.0                     ; 207 MB              ; 00:00:00                           ;
; Classic Timing Analyzer ; 00:00:00     ; 1.0                     ; 172 MB              ; 00:00:00                           ;
; EDA Netlist Writer      ; 00:00:01     ; 1.0                     ; 160 MB              ; 00:00:00                           ;
; Total                   ; 00:00:14     ; --                      ; --                  ; 00:00:09                           ;
+-------------------------+--------------+-------------------------+---------------------+------------------------------------+


+------------------------------------------------------------------------------------------+
; Flow OS Summary                                                                          ;
+-------------------------+------------------+---------------+------------+----------------+
; Module Name             ; Machine Hostname ; OS Name       ; OS Version ; Processor type ;
+-------------------------+------------------+---------------+------------+----------------+
; Analysis & Synthesis    ; jaemin-PC        ; Windows Vista ; 6.1        ; x86_64         ;
; Fitter                  ; jaemin-PC        ; Windows Vista ; 6.1        ; x86_64         ;
; Assembler               ; jaemin-PC        ; Windows Vista ; 6.1        ; x86_64         ;
; Classic Timing Analyzer ; jaemin-PC        ; Windows Vista ; 6.1        ; x86_64         ;
; EDA Netlist Writer      ; jaemin-PC        ; Windows Vista ; 6.1        ; x86_64         ;
+-------------------------+------------------+---------------+------------+----------------+


------------
; Flow Log ;
------------
quartus_map --read_settings_files=on --write_settings_files=off taximeter -c taximeter
quartus_fit --read_settings_files=off --write_settings_files=off taximeter -c taximeter
quartus_asm --read_settings_files=off --write_settings_files=off taximeter -c taximeter
quartus_tan --read_settings_files=off --write_settings_files=off taximeter -c taximeter
quartus_eda --read_settings_files=off --write_settings_files=off taximeter -c taximeter



